<?xml version="1.0" encoding="UTF-8"?>
<!-- Generated by org.testng.reporters.JUnitReportReporter -->
<testsuite hostname="NODE266" name="com.company.testclasses.GoogleTest" tests="1" failures="0" timestamp="6 Nov 2014 08:41:33 GMT" time="13.831" errors="0">
  <testcase name="verifyLink" time="13.831" classname="com.company.testclasses.GoogleTest"/>
</testsuite> <!-- com.company.testclasses.GoogleTest -->
